<?xml version="1.0" encoding="UTF-8"?>
<!-- Generated by org.testng.reporters.JUnitXMLReporter -->
<testsuite ignored="0" hostname="KingsMan" failures="0" tests="6" name="Test2" time="27.915" errors="0" timestamp="2026-01-08T12:07:19 IST">
  <testcase classname="org.automationParelelExucution.SuryakumarYadav" name="LaunchingSurya" time="5.033"/>
  <testcase classname="org.automationParelelExucution.RavindaJadeja" name="LaunchingJadeja" time="3.691"/>
  <testcase classname="org.automationParelelExucution.JaspritBumrah" name="LaunchingBumrah" time="5.293"/>
  <testcase classname="org.automationParelelExucution.KLRahul" name="LaunchingRahul" time="4.871"/>
  <testcase classname="org.automationParelelExucution.MohammadShami" name="LaunchingShami" time="3.897"/>
  <testcase classname="org.automationParelelExucution.RuturajGaikwad" name="LaunchingRuturaj" time="5.035"/>
</testsuite> <!-- Test2 -->
