<?xml version="1.0" encoding="UTF-8"?>
<!-- Generated by org.testng.reporters.JUnitXMLReporter -->
<testsuite ignored="0" hostname="KingsMan" failures="0" tests="5" name="Test1" time="25.979" errors="0" timestamp="2026-01-08T12:07:17 IST">
  <testcase classname="org.automationParelelExucution.MohammadSiraj" name="LaunchingSiraj" time="5.064"/>
  <testcase classname="org.automationParelelExucution.RishabhPanth" name="LaunchingRishbh" time="4.147"/>
  <testcase classname="org.automationParelelExucution.MahendraSinghDhoni" name="LaunchingDhoni" time="5.017"/>
  <testcase classname="org.automationParelelExucution.ViratKohli" name="LaunchingVirat" time="5.356"/>
  <testcase classname="org.automationParelelExucution.RohitSharma" name="LaunchingRohit" time="6.179"/>
</testsuite> <!-- Test1 -->
