<?xml version="1.0" encoding="UTF-8"?>
<!-- Generated by org.testng.reporters.JUnitReportReporter -->
<testsuite hostname="KingsMan" failures="0" tests="3" name="org.automatioTestNGLearning.UnderstandingPrivority" time="10.058" errors="0" timestamp="2026-01-06T12:14:53 IST" skipped="1">
  <testcase classname="org.automatioTestNGLearning.UnderstandingPrivority" name="LounchingFullyFilmy" time="7.597"/>
  <testcase classname="org.automatioTestNGLearning.UnderstandingPrivority" name="LounchingLalkiFashion" time="2.461"/>
  <testcase classname="org.automatioTestNGLearning.UnderstandingPrivority" name="LounchingPurpall">
    <skipped/>
  </testcase> <!-- LounchingPurpall -->
</testsuite> <!-- org.automatioTestNGLearning.UnderstandingPrivority -->
