<?xml version="1.0" encoding="UTF-8"?>
<!-- Generated by org.testng.reporters.JUnitReportReporter -->
<testsuite hostname="KingsMan" failures="0" tests="1" name="org.automationBatchExucution.Parak" time="10.095" errors="0" timestamp="2026-01-08T11:25:34 IST" skipped="0">
  <testcase classname="org.automationBatchExucution.Parak" name="LaunchingParak" time="10.095">
    <system-out>
      <![CDATA[LaunchingParak]]>
    </system-out>
  </testcase> <!-- LaunchingParak -->
  <system-out>
    <![CDATA[LaunchingHardey
LaunchingHonda
Launching42Bobber
LaunchingParak]]>
  </system-out>
</testsuite> <!-- org.automationBatchExucution.Parak -->
