<?xml version="1.0" encoding="UTF-8"?>
<!-- Generated by org.testng.reporters.JUnitReportReporter -->
<testsuite hostname="KingsMan" failures="0" tests="2" name="org.automationBatchExucution.RikshaAndBus" time="11.078" errors="0" timestamp="2026-01-08T11:38:31 IST" skipped="0">
  <testcase classname="org.automationBatchExucution.RikshaAndBus" name="LaunchingRiksha" time="5.251">
    <system-out>
      <![CDATA[LaunchingRiksha]]>
    </system-out>
  </testcase> <!-- LaunchingRiksha -->
  <testcase classname="org.automationBatchExucution.RikshaAndBus" name="LaunchingBus" time="5.827">
    <system-out>
      <![CDATA[LaunchingHardey]]>
    </system-out>
  </testcase> <!-- LaunchingBus -->
  <system-out>
    <![CDATA[LaunchingHardey
LaunchingRiksha
LaunchingCar
LaunchingBike]]>
  </system-out>
</testsuite> <!-- org.automationBatchExucution.RikshaAndBus -->
