<?xml version="1.0" encoding="UTF-8"?>
<!-- Generated by org.testng.reporters.JUnitReportReporter -->
<testsuite hostname="KingsMan" failures="0" tests="1" name="org.automationBatchExucution.jawa" time="26.270" errors="0" timestamp="2026-01-08T11:25:34 IST" skipped="0">
  <testcase classname="org.automationBatchExucution.jawa" name="Launching42Bobber" time="26.270">
    <system-out>
      <![CDATA[Launching42Bobber]]>
    </system-out>
  </testcase> <!-- Launching42Bobber -->
  <system-out>
    <![CDATA[LaunchingHardey
LaunchingHonda
Launching42Bobber
LaunchingParak]]>
  </system-out>
</testsuite> <!-- org.automationBatchExucution.jawa -->
