<?xml version="1.0" encoding="UTF-8"?>
<!-- Generated by org.testng.reporters.JUnitReportReporter -->
<testsuite hostname="KingsMan" failures="0" tests="1" name="org.automationBatchExucution.TataCar" time="6.562" errors="0" timestamp="2026-01-08T11:38:31 IST" skipped="0">
  <testcase classname="org.automationBatchExucution.TataCar" name="LaunchingCar" time="6.562">
    <system-out>
      <![CDATA[LaunchingCar]]>
    </system-out>
  </testcase> <!-- LaunchingCar -->
  <system-out>
    <![CDATA[LaunchingHardey
LaunchingRiksha
LaunchingCar
LaunchingBike]]>
  </system-out>
</testsuite> <!-- org.automationBatchExucution.TataCar -->
