<?xml version="1.0" encoding="UTF-8"?>
<!-- Generated by org.testng.reporters.JUnitReportReporter -->
<testsuite hostname="KingsMan" failures="0" tests="3" name="org.automatioTestNGLearning.Demo" time="0.020" errors="0" timestamp="2026-01-03T12:20:03 IST" skipped="0">
  <testcase classname="org.automatioTestNGLearning.Demo" name="test" time="0.001">
    <system-out>
      <![CDATA[Test case 1 executed]]>
    </system-out>
  </testcase> <!-- test -->
  <testcase classname="org.automatioTestNGLearning.Demo" name="mothod1" time="0.003">
    <system-out>
      <![CDATA[Test case 3 executed]]>
    </system-out>
  </testcase> <!-- mothod1 -->
  <testcase classname="org.automatioTestNGLearning.Demo" name="m1" time="0.016">
    <system-out>
      <![CDATA[Test case 2 executed]]>
    </system-out>
  </testcase> <!-- m1 -->
  <system-out>
    <![CDATA[Test case 2 executed
Test case 3 executed
Test case 1 executed]]>
  </system-out>
</testsuite> <!-- org.automatioTestNGLearning.Demo -->
