<?xml version="1.0" encoding="UTF-8"?>
<!-- Generated by org.testng.reporters.JUnitReportReporter -->
<testsuite hostname="KingsMan" failures="0" tests="3" name="org.automation.DataProvider.DataProvider1" time="43.921" errors="0" timestamp="2026-01-27T10:15:54 IST" skipped="0">
  <testcase classname="org.automation.DataProvider.DataProvider1" name="DWSLoginTC" time="14.662"/>
  <testcase classname="org.automation.DataProvider.DataProvider1" name="DWSLoginTC" time="14.352"/>
  <testcase classname="org.automation.DataProvider.DataProvider1" name="DWSLoginTC" time="14.907"/>
</testsuite> <!-- org.automation.DataProvider.DataProvider1 -->
