<?xml version="1.0" encoding="UTF-8"?>
<!-- Generated by org.testng.reporters.JUnitReportReporter -->
<testsuite hostname="KingsMan" failures="0" tests="1" name="org.automatioConfigurationAnnotations.ConfigrationAnnotations" time="0.017" errors="0" timestamp="2026-01-16T10:24:27 IST" skipped="0">
  <testcase classname="org.automatioConfigurationAnnotations.ConfigrationAnnotations" name="testCase1" time="0.017">
    <system-out>
      <![CDATA[This is a test case1 method]]>
    </system-out>
  </testcase> <!-- testCase1 -->
  <system-out>
    <![CDATA[This is @BeforeSuite1 method
This is @BeforeTest method
This is @BeforeTest1 method
This is @BeforeClass method
This is @BeforeClass1 method
This is @BeforeMethod method
This is @BeforeMethod1 method
This is a test case1 method
This is @AfterMethod method
This is @AfterClass method
This is @@AfterTest method
This is @AfterTest3 method
This is @AfterSuite method]]>
  </system-out>
</testsuite> <!-- org.automatioConfigurationAnnotations.ConfigrationAnnotations -->
