<?xml version="1.0" encoding="UTF-8"?>
<!-- Generated by org.testng.reporters.JUnitReportReporter -->
<testsuite hostname="KingsMan" failures="0" tests="2" name="org.automationBatchExucution.Harleydelijiing" time="19.524" errors="0" timestamp="2026-01-08T11:25:34 IST" skipped="0">
  <testcase classname="org.automationBatchExucution.Harleydelijiing" name="LaunchingHardey" time="11.767">
    <system-out>
      <![CDATA[LaunchingHardey]]>
    </system-out>
  </testcase> <!-- LaunchingHardey -->
  <testcase classname="org.automationBatchExucution.Harleydelijiing" name="LaunchingHonda" time="7.757">
    <system-out>
      <![CDATA[LaunchingHonda]]>
    </system-out>
  </testcase> <!-- LaunchingHonda -->
  <system-out>
    <![CDATA[LaunchingHardey
LaunchingHonda
Launching42Bobber
LaunchingParak]]>
  </system-out>
</testsuite> <!-- org.automationBatchExucution.Harleydelijiing -->
