<?xml version="1.0" encoding="UTF-8"?>
<!-- Generated by org.testng.reporters.JUnitReportReporter -->
<testsuite hostname="KingsMan" failures="0" tests="6" name="org.automatioTestNGLearning.MethodUsingPrivorityOnREgisterationAndLoginTCINDWS" time="34.614" errors="0" timestamp="2026-01-06T11:54:13 IST" skipped="0">
  <testcase classname="org.automatioTestNGLearning.MethodUsingPrivorityOnREgisterationAndLoginTCINDWS" name="register" time="5.907"/>
  <testcase classname="org.automatioTestNGLearning.MethodUsingPrivorityOnREgisterationAndLoginTCINDWS" name="register" time="6.627"/>
  <testcase classname="org.automatioTestNGLearning.MethodUsingPrivorityOnREgisterationAndLoginTCINDWS" name="register" time="5.043"/>
  <testcase classname="org.automatioTestNGLearning.MethodUsingPrivorityOnREgisterationAndLoginTCINDWS" name="register" time="5.647"/>
  <testcase classname="org.automatioTestNGLearning.MethodUsingPrivorityOnREgisterationAndLoginTCINDWS" name="register" time="6.350"/>
  <testcase classname="org.automatioTestNGLearning.MethodUsingPrivorityOnREgisterationAndLoginTCINDWS" name="login" time="5.040"/>
</testsuite> <!-- org.automatioTestNGLearning.MethodUsingPrivorityOnREgisterationAndLoginTCINDWS -->
